Performing C++ SOURCE FILE Test HAVE_UINT128_T failed with the following output:
Change Dir: /home/dd/tcp-agg/ns-allinone-3.42/ns-3.42/cmake-cache/CMakeFiles/CMakeTmp

Run Build Command(s):/bin/gmake -f Makefile cmTC_761c3/fast && /bin/gmake  -f CMakeFiles/cmTC_761c3.dir/build.make CMakeFiles/cmTC_761c3.dir/build
gmake[1]: Entering directory '/home/dd/tcp-agg/ns-allinone-3.42/ns-3.42/cmake-cache/CMakeFiles/CMakeTmp'
Building CXX object CMakeFiles/cmTC_761c3.dir/src.cxx.o
/bin/c++ -DHAVE_UINT128_T  -fPIE -std=c++20 -o CMakeFiles/cmTC_761c3.dir/src.cxx.o -c /home/dd/tcp-agg/ns-allinone-3.42/ns-3.42/cmake-cache/CMakeFiles/CMakeTmp/src.cxx
/home/dd/tcp-agg/ns-allinone-3.42/ns-3.42/cmake-cache/CMakeFiles/CMakeTmp/src.cxx: In function ‘int main()’:
/home/dd/tcp-agg/ns-allinone-3.42/ns-3.42/cmake-cache/CMakeFiles/CMakeTmp/src.cxx:4:18: error: ‘uint128_t’ was not declared in this scope; did you mean ‘uint8_t’?
    4 |             if ((uint128_t *) 0) return 0;
      |                  ^~~~~~~~~
      |                  uint8_t
/home/dd/tcp-agg/ns-allinone-3.42/ns-3.42/cmake-cache/CMakeFiles/CMakeTmp/src.cxx:4:29: error: expected primary-expression before ‘)’ token
    4 |             if ((uint128_t *) 0) return 0;
      |                             ^
/home/dd/tcp-agg/ns-allinone-3.42/ns-3.42/cmake-cache/CMakeFiles/CMakeTmp/src.cxx:4:30: error: expected ‘)’ before numeric constant
    4 |             if ((uint128_t *) 0) return 0;
      |                ~             ^~
      |                              )
/home/dd/tcp-agg/ns-allinone-3.42/ns-3.42/cmake-cache/CMakeFiles/CMakeTmp/src.cxx:5:25: error: ‘uint128_t’ was not declared in this scope; did you mean ‘uint8_t’?
    5 |             if (sizeof (uint128_t)) return 0;
      |                         ^~~~~~~~~
      |                         uint8_t
gmake[1]: *** [CMakeFiles/cmTC_761c3.dir/build.make:78: CMakeFiles/cmTC_761c3.dir/src.cxx.o] Error 1
gmake[1]: Leaving directory '/home/dd/tcp-agg/ns-allinone-3.42/ns-3.42/cmake-cache/CMakeFiles/CMakeTmp'
gmake: *** [Makefile:127: cmTC_761c3/fast] Error 2


Source file was:
#include <stdint.h>
       int main()
         {
            if ((uint128_t *) 0) return 0;
            if (sizeof (uint128_t)) return 0;
            return 1;
         }
