Performing C++ SOURCE FILE Test GCC_WORKING_PEDANTIC_SEMICOLON failed with the following output:
Change Dir: /home/dd/tcp-agg/ns-allinone-3.42/ns-3.42/build/CMakeFiles/CMakeTmp

Run Build Command(s):/usr/bin/gmake -f Makefile cmTC_8d38d/fast && /usr/bin/gmake  -f CMakeFiles/cmTC_8d38d.dir/build.make CMakeFiles/cmTC_8d38d.dir/build
gmake[1]: Entering directory '/home/dd/tcp-agg/ns-allinone-3.42/ns-3.42/build/CMakeFiles/CMakeTmp'
Building CXX object CMakeFiles/cmTC_8d38d.dir/src.cxx.o
/usr/bin/g++-9 -DGCC_WORKING_PEDANTIC_SEMICOLON  -Wall -Wpedantic -Werror -fPIE -o CMakeFiles/cmTC_8d38d.dir/src.cxx.o -c /home/dd/tcp-agg/ns-allinone-3.42/ns-3.42/build/CMakeFiles/CMakeTmp/src.cxx
/home/dd/tcp-agg/ns-allinone-3.42/ns-3.42/build/CMakeFiles/CMakeTmp/src.cxx:2:30: error: extra ‘;’ [-Werror=pedantic]
    2 |       int test(){ return 0; };
      |                              ^
cc1plus: all warnings being treated as errors
gmake[1]: *** [CMakeFiles/cmTC_8d38d.dir/build.make:78: CMakeFiles/cmTC_8d38d.dir/src.cxx.o] Error 1
gmake[1]: Leaving directory '/home/dd/tcp-agg/ns-allinone-3.42/ns-3.42/build/CMakeFiles/CMakeTmp'
gmake: *** [Makefile:127: cmTC_8d38d/fast] Error 2


Source file was:

      int test(){ return 0; };
      int main(){
        return test();
      }
  
Performing C++ SOURCE FILE Test HAVE_UINT128_T failed with the following output:
Change Dir: /home/dd/tcp-agg/ns-allinone-3.42/ns-3.42/build/CMakeFiles/CMakeTmp

Run Build Command(s):/usr/bin/gmake -f Makefile cmTC_fd975/fast && /usr/bin/gmake  -f CMakeFiles/cmTC_fd975.dir/build.make CMakeFiles/cmTC_fd975.dir/build
gmake[1]: Entering directory '/home/dd/tcp-agg/ns-allinone-3.42/ns-3.42/build/CMakeFiles/CMakeTmp'
Building CXX object CMakeFiles/cmTC_fd975.dir/src.cxx.o
/usr/bin/g++-9 -DHAVE_UINT128_T  -fPIE -std=c++2a -o CMakeFiles/cmTC_fd975.dir/src.cxx.o -c /home/dd/tcp-agg/ns-allinone-3.42/ns-3.42/build/CMakeFiles/CMakeTmp/src.cxx
/home/dd/tcp-agg/ns-allinone-3.42/ns-3.42/build/CMakeFiles/CMakeTmp/src.cxx: In function ‘int main()’:
/home/dd/tcp-agg/ns-allinone-3.42/ns-3.42/build/CMakeFiles/CMakeTmp/src.cxx:4:18: error: ‘uint128_t’ was not declared in this scope; did you mean ‘uint32_t’?
    4 |             if ((uint128_t *) 0) return 0;
      |                  ^~~~~~~~~
      |                  uint32_t
/home/dd/tcp-agg/ns-allinone-3.42/ns-3.42/build/CMakeFiles/CMakeTmp/src.cxx:4:29: error: expected primary-expression before ‘)’ token
    4 |             if ((uint128_t *) 0) return 0;
      |                             ^
/home/dd/tcp-agg/ns-allinone-3.42/ns-3.42/build/CMakeFiles/CMakeTmp/src.cxx:4:30: error: expected ‘)’ before numeric constant
    4 |             if ((uint128_t *) 0) return 0;
      |                ~             ^~
      |                              )
/home/dd/tcp-agg/ns-allinone-3.42/ns-3.42/build/CMakeFiles/CMakeTmp/src.cxx:5:25: error: ‘uint128_t’ was not declared in this scope; did you mean ‘uint32_t’?
    5 |             if (sizeof (uint128_t)) return 0;
      |                         ^~~~~~~~~
      |                         uint32_t
gmake[1]: *** [CMakeFiles/cmTC_fd975.dir/build.make:78: CMakeFiles/cmTC_fd975.dir/src.cxx.o] Error 1
gmake[1]: Leaving directory '/home/dd/tcp-agg/ns-allinone-3.42/ns-3.42/build/CMakeFiles/CMakeTmp'
gmake: *** [Makefile:127: cmTC_fd975/fast] Error 2


Source file was:
#include <stdint.h>
       int main()
         {
            if ((uint128_t *) 0) return 0;
            if (sizeof (uint128_t)) return 0;
            return 1;
         }
